CRITICAL - 2023-12-08 10:04:17 --> Invalid file: "menu.php"
in SYSTEMPATH/Exceptions/FrameworkException.php on line 39.
 1 SYSTEMPATH/View/View.php(216): CodeIgniter\Exceptions\FrameworkException::forInvalidFile('menu.php')
 2 SYSTEMPATH/Common.php(1190): CodeIgniter\View\View->render('menu', [], true)
 3 APPPATH/Controllers/Blog.php(9): view('menu')
 4 SYSTEMPATH/CodeIgniter.php(942): App\Controllers\Blog->index()
 5 SYSTEMPATH/CodeIgniter.php(502): CodeIgniter\CodeIgniter->runController(Object(App\Controllers\Blog))
 6 SYSTEMPATH/CodeIgniter.php(361): CodeIgniter\CodeIgniter->handleRequest(null, Object(Config\Cache), false)
 7 FCPATH/index.php(79): CodeIgniter\CodeIgniter->run()
 8 SYSTEMPATH/Commands/Server/rewrite.php(47): require_once('/Users/rahmansatya/Documents/Tubes-TST-Sistem-Hotel/public/index.php')
CRITICAL - 2023-12-08 10:04:26 --> Invalid file: "menu.php"
in SYSTEMPATH/Exceptions/FrameworkException.php on line 39.
 1 SYSTEMPATH/View/View.php(216): CodeIgniter\Exceptions\FrameworkException::forInvalidFile('menu.php')
 2 SYSTEMPATH/Common.php(1190): CodeIgniter\View\View->render('menu', [], true)
 3 APPPATH/Controllers/About.php(9): view('menu')
 4 SYSTEMPATH/CodeIgniter.php(942): App\Controllers\About->index()
 5 SYSTEMPATH/CodeIgniter.php(502): CodeIgniter\CodeIgniter->runController(Object(App\Controllers\About))
 6 SYSTEMPATH/CodeIgniter.php(361): CodeIgniter\CodeIgniter->handleRequest(null, Object(Config\Cache), false)
 7 FCPATH/index.php(79): CodeIgniter\CodeIgniter->run()
 8 SYSTEMPATH/Commands/Server/rewrite.php(47): require_once('/Users/rahmansatya/Documents/Tubes-TST-Sistem-Hotel/public/index.php')
CRITICAL - 2023-12-08 10:06:15 --> Invalid file: "menu.php"
in SYSTEMPATH/Exceptions/FrameworkException.php on line 39.
 1 SYSTEMPATH/View/View.php(216): CodeIgniter\Exceptions\FrameworkException::forInvalidFile('menu.php')
 2 SYSTEMPATH/Common.php(1190): CodeIgniter\View\View->render('menu', [], true)
 3 APPPATH/Controllers/About.php(9): view('menu')
 4 SYSTEMPATH/CodeIgniter.php(942): App\Controllers\About->index()
 5 SYSTEMPATH/CodeIgniter.php(502): CodeIgniter\CodeIgniter->runController(Object(App\Controllers\About))
 6 SYSTEMPATH/CodeIgniter.php(361): CodeIgniter\CodeIgniter->handleRequest(null, Object(Config\Cache), false)
 7 FCPATH/index.php(79): CodeIgniter\CodeIgniter->run()
 8 SYSTEMPATH/Commands/Server/rewrite.php(47): require_once('/Users/rahmansatya/Documents/Tubes-TST-Sistem-Hotel/public/index.php')
CRITICAL - 2023-12-08 10:06:18 --> Invalid file: "menu.php"
in SYSTEMPATH/Exceptions/FrameworkException.php on line 39.
 1 SYSTEMPATH/View/View.php(216): CodeIgniter\Exceptions\FrameworkException::forInvalidFile('menu.php')
 2 SYSTEMPATH/Common.php(1190): CodeIgniter\View\View->render('menu', [], true)
 3 APPPATH/Controllers/About.php(9): view('menu')
 4 SYSTEMPATH/CodeIgniter.php(942): App\Controllers\About->index()
 5 SYSTEMPATH/CodeIgniter.php(502): CodeIgniter\CodeIgniter->runController(Object(App\Controllers\About))
 6 SYSTEMPATH/CodeIgniter.php(361): CodeIgniter\CodeIgniter->handleRequest(null, Object(Config\Cache), false)
 7 FCPATH/index.php(79): CodeIgniter\CodeIgniter->run()
 8 SYSTEMPATH/Commands/Server/rewrite.php(47): require_once('/Users/rahmansatya/Documents/Tubes-TST-Sistem-Hotel/public/index.php')
CRITICAL - 2023-12-08 10:06:37 --> Invalid file: "menu.php"
in SYSTEMPATH/Exceptions/FrameworkException.php on line 39.
 1 SYSTEMPATH/View/View.php(216): CodeIgniter\Exceptions\FrameworkException::forInvalidFile('menu.php')
 2 SYSTEMPATH/Common.php(1190): CodeIgniter\View\View->render('menu', [], true)
 3 APPPATH/Controllers/Blog.php(9): view('menu')
 4 SYSTEMPATH/CodeIgniter.php(942): App\Controllers\Blog->index()
 5 SYSTEMPATH/CodeIgniter.php(502): CodeIgniter\CodeIgniter->runController(Object(App\Controllers\Blog))
 6 SYSTEMPATH/CodeIgniter.php(361): CodeIgniter\CodeIgniter->handleRequest(null, Object(Config\Cache), false)
 7 FCPATH/index.php(79): CodeIgniter\CodeIgniter->run()
 8 SYSTEMPATH/Commands/Server/rewrite.php(47): require_once('/Users/rahmansatya/Documents/Tubes-TST-Sistem-Hotel/public/index.php')
ERROR - 2023-12-08 12:23:48 --> Error connecting to the database: mysqli_sql_exception: No such file or directory in /Users/rahmansatya/Documents/Tubes-TST-Sistem-Hotel/system/Database/MySQLi/Connection.php:184
Stack trace:
#0 /Users/rahmansatya/Documents/Tubes-TST-Sistem-Hotel/system/Database/MySQLi/Connection.php(184): mysqli->real_connect('localhost', 'root', Object(SensitiveParameterValue), 'hotel_system', 3306, '', 0)
#1 /Users/rahmansatya/Documents/Tubes-TST-Sistem-Hotel/system/Database/BaseConnection.php(392): CodeIgniter\Database\MySQLi\Connection->connect(false)
#2 /Users/rahmansatya/Documents/Tubes-TST-Sistem-Hotel/system/Database/BaseConnection.php(575): CodeIgniter\Database\BaseConnection->initialize()
#3 /Users/rahmansatya/Documents/Tubes-TST-Sistem-Hotel/app/Models/Login.php(14): CodeIgniter\Database\BaseConnection->query('SELECT name FRO...')
#4 /Users/rahmansatya/Documents/Tubes-TST-Sistem-Hotel/app/Controllers/LoginController.php(17): App\Models\Login->getDataUsers('kadek@gmail.com', 'fda0b35dece57df...')
#5 /Users/rahmansatya/Documents/Tubes-TST-Sistem-Hotel/system/CodeIgniter.php(942): App\Controllers\LoginController->login_action()
#6 /Users/rahmansatya/Documents/Tubes-TST-Sistem-Hotel/system/CodeIgniter.php(502): CodeIgniter\CodeIgniter->runController(Object(App\Controllers\LoginController))
#7 /Users/rahmansatya/Documents/Tubes-TST-Sistem-Hotel/system/CodeIgniter.php(361): CodeIgniter\CodeIgniter->handleRequest(NULL, Object(Config\Cache), false)
#8 /Users/rahmansatya/Documents/Tubes-TST-Sistem-Hotel/public/index.php(79): CodeIgniter\CodeIgniter->run()
#9 /Users/rahmansatya/Documents/Tubes-TST-Sistem-Hotel/system/Commands/Server/rewrite.php(47): require_once('/Users/rahmansa...')
#10 {main}

Next CodeIgniter\Database\Exceptions\DatabaseException: No such file or directory in /Users/rahmansatya/Documents/Tubes-TST-Sistem-Hotel/system/Database/MySQLi/Connection.php:229
Stack trace:
#0 /Users/rahmansatya/Documents/Tubes-TST-Sistem-Hotel/system/Database/BaseConnection.php(392): CodeIgniter\Database\MySQLi\Connection->connect(false)
#1 /Users/rahmansatya/Documents/Tubes-TST-Sistem-Hotel/system/Database/BaseConnection.php(575): CodeIgniter\Database\BaseConnection->initialize()
#2 /Users/rahmansatya/Documents/Tubes-TST-Sistem-Hotel/app/Models/Login.php(14): CodeIgniter\Database\BaseConnection->query('SELECT name FRO...')
#3 /Users/rahmansatya/Documents/Tubes-TST-Sistem-Hotel/app/Controllers/LoginController.php(17): App\Models\Login->getDataUsers('kadek@gmail.com', 'fda0b35dece57df...')
#4 /Users/rahmansatya/Documents/Tubes-TST-Sistem-Hotel/system/CodeIgniter.php(942): App\Controllers\LoginController->login_action()
#5 /Users/rahmansatya/Documents/Tubes-TST-Sistem-Hotel/system/CodeIgniter.php(502): CodeIgniter\CodeIgniter->runController(Object(App\Controllers\LoginController))
#6 /Users/rahmansatya/Documents/Tubes-TST-Sistem-Hotel/system/CodeIgniter.php(361): CodeIgniter\CodeIgniter->handleRequest(NULL, Object(Config\Cache), false)
#7 /Users/rahmansatya/Documents/Tubes-TST-Sistem-Hotel/public/index.php(79): CodeIgniter\CodeIgniter->run()
#8 /Users/rahmansatya/Documents/Tubes-TST-Sistem-Hotel/system/Commands/Server/rewrite.php(47): require_once('/Users/rahmansa...')
#9 {main}
CRITICAL - 2023-12-08 12:23:48 --> Unable to connect to the database.
Main connection [MySQLi]: No such file or directory
in SYSTEMPATH/Database/BaseConnection.php on line 428.
 1 SYSTEMPATH/Database/BaseConnection.php(575): CodeIgniter\Database\BaseConnection->initialize()
 2 APPPATH/Models/Login.php(14): CodeIgniter\Database\BaseConnection->query('SELECT name FROM users WHERE 
                        email = "kadek@gmail.com" 
                        AND password = "fda0b35dece57df9f7ea6947bc002b31"')
 3 APPPATH/Controllers/LoginController.php(17): App\Models\Login->getDataUsers('kadek@gmail.com', 'fda0b35dece57df9f7ea6947bc002b31')
 4 SYSTEMPATH/CodeIgniter.php(942): App\Controllers\LoginController->login_action()
 5 SYSTEMPATH/CodeIgniter.php(502): CodeIgniter\CodeIgniter->runController(Object(App\Controllers\LoginController))
 6 SYSTEMPATH/CodeIgniter.php(361): CodeIgniter\CodeIgniter->handleRequest(null, Object(Config\Cache), false)
 7 FCPATH/index.php(79): CodeIgniter\CodeIgniter->run()
 8 SYSTEMPATH/Commands/Server/rewrite.php(47): require_once('/Users/rahmansatya/Documents/Tubes-TST-Sistem-Hotel/public/index.php')
ERROR - 2023-12-08 12:32:05 --> Error connecting to the database: mysqli_sql_exception: No such file or directory in /Users/rahmansatya/Documents/Tubes-TST-Sistem-Hotel/system/Database/MySQLi/Connection.php:184
Stack trace:
#0 /Users/rahmansatya/Documents/Tubes-TST-Sistem-Hotel/system/Database/MySQLi/Connection.php(184): mysqli->real_connect('localhost', 'root', Object(SensitiveParameterValue), 'hotel_system', 3306, '', 0)
#1 /Users/rahmansatya/Documents/Tubes-TST-Sistem-Hotel/system/Database/BaseConnection.php(392): CodeIgniter\Database\MySQLi\Connection->connect(false)
#2 /Users/rahmansatya/Documents/Tubes-TST-Sistem-Hotel/system/Database/BaseConnection.php(575): CodeIgniter\Database\BaseConnection->initialize()
#3 /Users/rahmansatya/Documents/Tubes-TST-Sistem-Hotel/app/Models/Login.php(14): CodeIgniter\Database\BaseConnection->query('SELECT name FRO...')
#4 /Users/rahmansatya/Documents/Tubes-TST-Sistem-Hotel/app/Controllers/LoginController.php(17): App\Models\Login->getDataUsers('kadek@gmail.com', 'fda0b35dece57df...')
#5 /Users/rahmansatya/Documents/Tubes-TST-Sistem-Hotel/system/CodeIgniter.php(942): App\Controllers\LoginController->login_action()
#6 /Users/rahmansatya/Documents/Tubes-TST-Sistem-Hotel/system/CodeIgniter.php(502): CodeIgniter\CodeIgniter->runController(Object(App\Controllers\LoginController))
#7 /Users/rahmansatya/Documents/Tubes-TST-Sistem-Hotel/system/CodeIgniter.php(361): CodeIgniter\CodeIgniter->handleRequest(NULL, Object(Config\Cache), false)
#8 /Users/rahmansatya/Documents/Tubes-TST-Sistem-Hotel/public/index.php(79): CodeIgniter\CodeIgniter->run()
#9 /Users/rahmansatya/Documents/Tubes-TST-Sistem-Hotel/system/Commands/Server/rewrite.php(47): require_once('/Users/rahmansa...')
#10 {main}

Next CodeIgniter\Database\Exceptions\DatabaseException: No such file or directory in /Users/rahmansatya/Documents/Tubes-TST-Sistem-Hotel/system/Database/MySQLi/Connection.php:229
Stack trace:
#0 /Users/rahmansatya/Documents/Tubes-TST-Sistem-Hotel/system/Database/BaseConnection.php(392): CodeIgniter\Database\MySQLi\Connection->connect(false)
#1 /Users/rahmansatya/Documents/Tubes-TST-Sistem-Hotel/system/Database/BaseConnection.php(575): CodeIgniter\Database\BaseConnection->initialize()
#2 /Users/rahmansatya/Documents/Tubes-TST-Sistem-Hotel/app/Models/Login.php(14): CodeIgniter\Database\BaseConnection->query('SELECT name FRO...')
#3 /Users/rahmansatya/Documents/Tubes-TST-Sistem-Hotel/app/Controllers/LoginController.php(17): App\Models\Login->getDataUsers('kadek@gmail.com', 'fda0b35dece57df...')
#4 /Users/rahmansatya/Documents/Tubes-TST-Sistem-Hotel/system/CodeIgniter.php(942): App\Controllers\LoginController->login_action()
#5 /Users/rahmansatya/Documents/Tubes-TST-Sistem-Hotel/system/CodeIgniter.php(502): CodeIgniter\CodeIgniter->runController(Object(App\Controllers\LoginController))
#6 /Users/rahmansatya/Documents/Tubes-TST-Sistem-Hotel/system/CodeIgniter.php(361): CodeIgniter\CodeIgniter->handleRequest(NULL, Object(Config\Cache), false)
#7 /Users/rahmansatya/Documents/Tubes-TST-Sistem-Hotel/public/index.php(79): CodeIgniter\CodeIgniter->run()
#8 /Users/rahmansatya/Documents/Tubes-TST-Sistem-Hotel/system/Commands/Server/rewrite.php(47): require_once('/Users/rahmansa...')
#9 {main}
CRITICAL - 2023-12-08 12:32:05 --> Unable to connect to the database.
Main connection [MySQLi]: No such file or directory
in SYSTEMPATH/Database/BaseConnection.php on line 428.
 1 SYSTEMPATH/Database/BaseConnection.php(575): CodeIgniter\Database\BaseConnection->initialize()
 2 APPPATH/Models/Login.php(14): CodeIgniter\Database\BaseConnection->query('SELECT name FROM users WHERE 
                        email = "kadek@gmail.com" 
                        AND password = "fda0b35dece57df9f7ea6947bc002b31"')
 3 APPPATH/Controllers/LoginController.php(17): App\Models\Login->getDataUsers('kadek@gmail.com', 'fda0b35dece57df9f7ea6947bc002b31')
 4 SYSTEMPATH/CodeIgniter.php(942): App\Controllers\LoginController->login_action()
 5 SYSTEMPATH/CodeIgniter.php(502): CodeIgniter\CodeIgniter->runController(Object(App\Controllers\LoginController))
 6 SYSTEMPATH/CodeIgniter.php(361): CodeIgniter\CodeIgniter->handleRequest(null, Object(Config\Cache), false)
 7 FCPATH/index.php(79): CodeIgniter\CodeIgniter->run()
 8 SYSTEMPATH/Commands/Server/rewrite.php(47): require_once('/Users/rahmansatya/Documents/Tubes-TST-Sistem-Hotel/public/index.php')
ERROR - 2023-12-08 12:32:11 --> Error connecting to the database: mysqli_sql_exception: No such file or directory in /Users/rahmansatya/Documents/Tubes-TST-Sistem-Hotel/system/Database/MySQLi/Connection.php:184
Stack trace:
#0 /Users/rahmansatya/Documents/Tubes-TST-Sistem-Hotel/system/Database/MySQLi/Connection.php(184): mysqli->real_connect('localhost', 'root', Object(SensitiveParameterValue), 'hotel_system', 3306, '', 0)
#1 /Users/rahmansatya/Documents/Tubes-TST-Sistem-Hotel/system/Database/BaseConnection.php(392): CodeIgniter\Database\MySQLi\Connection->connect(false)
#2 /Users/rahmansatya/Documents/Tubes-TST-Sistem-Hotel/system/Database/BaseConnection.php(575): CodeIgniter\Database\BaseConnection->initialize()
#3 /Users/rahmansatya/Documents/Tubes-TST-Sistem-Hotel/app/Models/Login.php(14): CodeIgniter\Database\BaseConnection->query('SELECT name FRO...')
#4 /Users/rahmansatya/Documents/Tubes-TST-Sistem-Hotel/app/Controllers/LoginController.php(17): App\Models\Login->getDataUsers('kadek@gmail.com', 'fda0b35dece57df...')
#5 /Users/rahmansatya/Documents/Tubes-TST-Sistem-Hotel/system/CodeIgniter.php(942): App\Controllers\LoginController->login_action()
#6 /Users/rahmansatya/Documents/Tubes-TST-Sistem-Hotel/system/CodeIgniter.php(502): CodeIgniter\CodeIgniter->runController(Object(App\Controllers\LoginController))
#7 /Users/rahmansatya/Documents/Tubes-TST-Sistem-Hotel/system/CodeIgniter.php(361): CodeIgniter\CodeIgniter->handleRequest(NULL, Object(Config\Cache), false)
#8 /Users/rahmansatya/Documents/Tubes-TST-Sistem-Hotel/public/index.php(79): CodeIgniter\CodeIgniter->run()
#9 /Users/rahmansatya/Documents/Tubes-TST-Sistem-Hotel/system/Commands/Server/rewrite.php(47): require_once('/Users/rahmansa...')
#10 {main}

Next CodeIgniter\Database\Exceptions\DatabaseException: No such file or directory in /Users/rahmansatya/Documents/Tubes-TST-Sistem-Hotel/system/Database/MySQLi/Connection.php:229
Stack trace:
#0 /Users/rahmansatya/Documents/Tubes-TST-Sistem-Hotel/system/Database/BaseConnection.php(392): CodeIgniter\Database\MySQLi\Connection->connect(false)
#1 /Users/rahmansatya/Documents/Tubes-TST-Sistem-Hotel/system/Database/BaseConnection.php(575): CodeIgniter\Database\BaseConnection->initialize()
#2 /Users/rahmansatya/Documents/Tubes-TST-Sistem-Hotel/app/Models/Login.php(14): CodeIgniter\Database\BaseConnection->query('SELECT name FRO...')
#3 /Users/rahmansatya/Documents/Tubes-TST-Sistem-Hotel/app/Controllers/LoginController.php(17): App\Models\Login->getDataUsers('kadek@gmail.com', 'fda0b35dece57df...')
#4 /Users/rahmansatya/Documents/Tubes-TST-Sistem-Hotel/system/CodeIgniter.php(942): App\Controllers\LoginController->login_action()
#5 /Users/rahmansatya/Documents/Tubes-TST-Sistem-Hotel/system/CodeIgniter.php(502): CodeIgniter\CodeIgniter->runController(Object(App\Controllers\LoginController))
#6 /Users/rahmansatya/Documents/Tubes-TST-Sistem-Hotel/system/CodeIgniter.php(361): CodeIgniter\CodeIgniter->handleRequest(NULL, Object(Config\Cache), false)
#7 /Users/rahmansatya/Documents/Tubes-TST-Sistem-Hotel/public/index.php(79): CodeIgniter\CodeIgniter->run()
#8 /Users/rahmansatya/Documents/Tubes-TST-Sistem-Hotel/system/Commands/Server/rewrite.php(47): require_once('/Users/rahmansa...')
#9 {main}
CRITICAL - 2023-12-08 12:32:11 --> Unable to connect to the database.
Main connection [MySQLi]: No such file or directory
in SYSTEMPATH/Database/BaseConnection.php on line 428.
 1 SYSTEMPATH/Database/BaseConnection.php(575): CodeIgniter\Database\BaseConnection->initialize()
 2 APPPATH/Models/Login.php(14): CodeIgniter\Database\BaseConnection->query('SELECT name FROM users WHERE 
                        email = "kadek@gmail.com" 
                        AND password = "fda0b35dece57df9f7ea6947bc002b31"')
 3 APPPATH/Controllers/LoginController.php(17): App\Models\Login->getDataUsers('kadek@gmail.com', 'fda0b35dece57df9f7ea6947bc002b31')
 4 SYSTEMPATH/CodeIgniter.php(942): App\Controllers\LoginController->login_action()
 5 SYSTEMPATH/CodeIgniter.php(502): CodeIgniter\CodeIgniter->runController(Object(App\Controllers\LoginController))
 6 SYSTEMPATH/CodeIgniter.php(361): CodeIgniter\CodeIgniter->handleRequest(null, Object(Config\Cache), false)
 7 FCPATH/index.php(79): CodeIgniter\CodeIgniter->run()
 8 SYSTEMPATH/Commands/Server/rewrite.php(47): require_once('/Users/rahmansatya/Documents/Tubes-TST-Sistem-Hotel/public/index.php')
ERROR - 2023-12-08 12:41:41 --> Error connecting to the database: mysqli_sql_exception: No such file or directory in /Users/rahmansatya/Documents/Tubes-TST-Sistem-Hotel/system/Database/MySQLi/Connection.php:184
Stack trace:
#0 /Users/rahmansatya/Documents/Tubes-TST-Sistem-Hotel/system/Database/MySQLi/Connection.php(184): mysqli->real_connect('localhost', 'root', Object(SensitiveParameterValue), 'hotel_system', 3306, '', 0)
#1 /Users/rahmansatya/Documents/Tubes-TST-Sistem-Hotel/system/Database/BaseConnection.php(392): CodeIgniter\Database\MySQLi\Connection->connect(false)
#2 /Users/rahmansatya/Documents/Tubes-TST-Sistem-Hotel/system/Database/BaseConnection.php(575): CodeIgniter\Database\BaseConnection->initialize()
#3 /Users/rahmansatya/Documents/Tubes-TST-Sistem-Hotel/app/Models/Login.php(14): CodeIgniter\Database\BaseConnection->query('SELECT name FRO...')
#4 /Users/rahmansatya/Documents/Tubes-TST-Sistem-Hotel/app/Controllers/LoginController.php(17): App\Models\Login->getDataUsers('kadek@gmail.com', 'fda0b35dece57df...')
#5 /Users/rahmansatya/Documents/Tubes-TST-Sistem-Hotel/system/CodeIgniter.php(942): App\Controllers\LoginController->login_action()
#6 /Users/rahmansatya/Documents/Tubes-TST-Sistem-Hotel/system/CodeIgniter.php(502): CodeIgniter\CodeIgniter->runController(Object(App\Controllers\LoginController))
#7 /Users/rahmansatya/Documents/Tubes-TST-Sistem-Hotel/system/CodeIgniter.php(361): CodeIgniter\CodeIgniter->handleRequest(NULL, Object(Config\Cache), false)
#8 /Users/rahmansatya/Documents/Tubes-TST-Sistem-Hotel/public/index.php(79): CodeIgniter\CodeIgniter->run()
#9 /Users/rahmansatya/Documents/Tubes-TST-Sistem-Hotel/system/Commands/Server/rewrite.php(47): require_once('/Users/rahmansa...')
#10 {main}

Next CodeIgniter\Database\Exceptions\DatabaseException: No such file or directory in /Users/rahmansatya/Documents/Tubes-TST-Sistem-Hotel/system/Database/MySQLi/Connection.php:229
Stack trace:
#0 /Users/rahmansatya/Documents/Tubes-TST-Sistem-Hotel/system/Database/BaseConnection.php(392): CodeIgniter\Database\MySQLi\Connection->connect(false)
#1 /Users/rahmansatya/Documents/Tubes-TST-Sistem-Hotel/system/Database/BaseConnection.php(575): CodeIgniter\Database\BaseConnection->initialize()
#2 /Users/rahmansatya/Documents/Tubes-TST-Sistem-Hotel/app/Models/Login.php(14): CodeIgniter\Database\BaseConnection->query('SELECT name FRO...')
#3 /Users/rahmansatya/Documents/Tubes-TST-Sistem-Hotel/app/Controllers/LoginController.php(17): App\Models\Login->getDataUsers('kadek@gmail.com', 'fda0b35dece57df...')
#4 /Users/rahmansatya/Documents/Tubes-TST-Sistem-Hotel/system/CodeIgniter.php(942): App\Controllers\LoginController->login_action()
#5 /Users/rahmansatya/Documents/Tubes-TST-Sistem-Hotel/system/CodeIgniter.php(502): CodeIgniter\CodeIgniter->runController(Object(App\Controllers\LoginController))
#6 /Users/rahmansatya/Documents/Tubes-TST-Sistem-Hotel/system/CodeIgniter.php(361): CodeIgniter\CodeIgniter->handleRequest(NULL, Object(Config\Cache), false)
#7 /Users/rahmansatya/Documents/Tubes-TST-Sistem-Hotel/public/index.php(79): CodeIgniter\CodeIgniter->run()
#8 /Users/rahmansatya/Documents/Tubes-TST-Sistem-Hotel/system/Commands/Server/rewrite.php(47): require_once('/Users/rahmansa...')
#9 {main}
CRITICAL - 2023-12-08 12:41:41 --> Unable to connect to the database.
Main connection [MySQLi]: No such file or directory
in SYSTEMPATH/Database/BaseConnection.php on line 428.
 1 SYSTEMPATH/Database/BaseConnection.php(575): CodeIgniter\Database\BaseConnection->initialize()
 2 APPPATH/Models/Login.php(14): CodeIgniter\Database\BaseConnection->query('SELECT name FROM users WHERE 
                        email = "kadek@gmail.com" 
                        AND password = "fda0b35dece57df9f7ea6947bc002b31"')
 3 APPPATH/Controllers/LoginController.php(17): App\Models\Login->getDataUsers('kadek@gmail.com', 'fda0b35dece57df9f7ea6947bc002b31')
 4 SYSTEMPATH/CodeIgniter.php(942): App\Controllers\LoginController->login_action()
 5 SYSTEMPATH/CodeIgniter.php(502): CodeIgniter\CodeIgniter->runController(Object(App\Controllers\LoginController))
 6 SYSTEMPATH/CodeIgniter.php(361): CodeIgniter\CodeIgniter->handleRequest(null, Object(Config\Cache), false)
 7 FCPATH/index.php(79): CodeIgniter\CodeIgniter->run()
 8 SYSTEMPATH/Commands/Server/rewrite.php(47): require_once('/Users/rahmansatya/Documents/Tubes-TST-Sistem-Hotel/public/index.php')
ERROR - 2023-12-08 12:54:19 --> Error connecting to the database: mysqli_sql_exception: No such file or directory in /Users/rahmansatya/Documents/Tubes-TST-Sistem-Hotel/system/Database/MySQLi/Connection.php:184
Stack trace:
#0 /Users/rahmansatya/Documents/Tubes-TST-Sistem-Hotel/system/Database/MySQLi/Connection.php(184): mysqli->real_connect('localhost', 'root', Object(SensitiveParameterValue), 'hotel_system', 3306, '', 0)
#1 /Users/rahmansatya/Documents/Tubes-TST-Sistem-Hotel/system/Database/BaseConnection.php(392): CodeIgniter\Database\MySQLi\Connection->connect(false)
#2 /Users/rahmansatya/Documents/Tubes-TST-Sistem-Hotel/system/Database/BaseConnection.php(575): CodeIgniter\Database\BaseConnection->initialize()
#3 /Users/rahmansatya/Documents/Tubes-TST-Sistem-Hotel/app/Models/Login.php(14): CodeIgniter\Database\BaseConnection->query('SELECT name FRO...')
#4 /Users/rahmansatya/Documents/Tubes-TST-Sistem-Hotel/app/Controllers/LoginController.php(17): App\Models\Login->getDataUsers('kadek@gmail.com', 'fda0b35dece57df...')
#5 /Users/rahmansatya/Documents/Tubes-TST-Sistem-Hotel/system/CodeIgniter.php(942): App\Controllers\LoginController->login_action()
#6 /Users/rahmansatya/Documents/Tubes-TST-Sistem-Hotel/system/CodeIgniter.php(502): CodeIgniter\CodeIgniter->runController(Object(App\Controllers\LoginController))
#7 /Users/rahmansatya/Documents/Tubes-TST-Sistem-Hotel/system/CodeIgniter.php(361): CodeIgniter\CodeIgniter->handleRequest(NULL, Object(Config\Cache), false)
#8 /Users/rahmansatya/Documents/Tubes-TST-Sistem-Hotel/public/index.php(79): CodeIgniter\CodeIgniter->run()
#9 /Users/rahmansatya/Documents/Tubes-TST-Sistem-Hotel/system/Commands/Server/rewrite.php(47): require_once('/Users/rahmansa...')
#10 {main}

Next CodeIgniter\Database\Exceptions\DatabaseException: No such file or directory in /Users/rahmansatya/Documents/Tubes-TST-Sistem-Hotel/system/Database/MySQLi/Connection.php:229
Stack trace:
#0 /Users/rahmansatya/Documents/Tubes-TST-Sistem-Hotel/system/Database/BaseConnection.php(392): CodeIgniter\Database\MySQLi\Connection->connect(false)
#1 /Users/rahmansatya/Documents/Tubes-TST-Sistem-Hotel/system/Database/BaseConnection.php(575): CodeIgniter\Database\BaseConnection->initialize()
#2 /Users/rahmansatya/Documents/Tubes-TST-Sistem-Hotel/app/Models/Login.php(14): CodeIgniter\Database\BaseConnection->query('SELECT name FRO...')
#3 /Users/rahmansatya/Documents/Tubes-TST-Sistem-Hotel/app/Controllers/LoginController.php(17): App\Models\Login->getDataUsers('kadek@gmail.com', 'fda0b35dece57df...')
#4 /Users/rahmansatya/Documents/Tubes-TST-Sistem-Hotel/system/CodeIgniter.php(942): App\Controllers\LoginController->login_action()
#5 /Users/rahmansatya/Documents/Tubes-TST-Sistem-Hotel/system/CodeIgniter.php(502): CodeIgniter\CodeIgniter->runController(Object(App\Controllers\LoginController))
#6 /Users/rahmansatya/Documents/Tubes-TST-Sistem-Hotel/system/CodeIgniter.php(361): CodeIgniter\CodeIgniter->handleRequest(NULL, Object(Config\Cache), false)
#7 /Users/rahmansatya/Documents/Tubes-TST-Sistem-Hotel/public/index.php(79): CodeIgniter\CodeIgniter->run()
#8 /Users/rahmansatya/Documents/Tubes-TST-Sistem-Hotel/system/Commands/Server/rewrite.php(47): require_once('/Users/rahmansa...')
#9 {main}
CRITICAL - 2023-12-08 12:54:19 --> Unable to connect to the database.
Main connection [MySQLi]: No such file or directory
in SYSTEMPATH/Database/BaseConnection.php on line 428.
 1 SYSTEMPATH/Database/BaseConnection.php(575): CodeIgniter\Database\BaseConnection->initialize()
 2 APPPATH/Models/Login.php(14): CodeIgniter\Database\BaseConnection->query('SELECT name FROM users WHERE 
                        email = "kadek@gmail.com" 
                        AND password = "fda0b35dece57df9f7ea6947bc002b31"')
 3 APPPATH/Controllers/LoginController.php(17): App\Models\Login->getDataUsers('kadek@gmail.com', 'fda0b35dece57df9f7ea6947bc002b31')
 4 SYSTEMPATH/CodeIgniter.php(942): App\Controllers\LoginController->login_action()
 5 SYSTEMPATH/CodeIgniter.php(502): CodeIgniter\CodeIgniter->runController(Object(App\Controllers\LoginController))
 6 SYSTEMPATH/CodeIgniter.php(361): CodeIgniter\CodeIgniter->handleRequest(null, Object(Config\Cache), false)
 7 FCPATH/index.php(79): CodeIgniter\CodeIgniter->run()
 8 SYSTEMPATH/Commands/Server/rewrite.php(47): require_once('/Users/rahmansatya/Documents/Tubes-TST-Sistem-Hotel/public/index.php')
ERROR - 2023-12-08 13:14:36 --> Error connecting to the database: mysqli_sql_exception: No such file or directory in /Users/rahmansatya/Documents/Tubes-TST-Sistem-Hotel/system/Database/MySQLi/Connection.php:184
Stack trace:
#0 /Users/rahmansatya/Documents/Tubes-TST-Sistem-Hotel/system/Database/MySQLi/Connection.php(184): mysqli->real_connect('localhost', 'root', Object(SensitiveParameterValue), 'latihan', 3306, '', 0)
#1 /Users/rahmansatya/Documents/Tubes-TST-Sistem-Hotel/system/Database/BaseConnection.php(392): CodeIgniter\Database\MySQLi\Connection->connect(false)
#2 /Users/rahmansatya/Documents/Tubes-TST-Sistem-Hotel/system/Database/BaseConnection.php(575): CodeIgniter\Database\BaseConnection->initialize()
#3 /Users/rahmansatya/Documents/Tubes-TST-Sistem-Hotel/system/Database/BaseBuilder.php(1615): CodeIgniter\Database\BaseConnection->query('SELECT *\nFROM `...', Array, false)
#4 /Users/rahmansatya/Documents/Tubes-TST-Sistem-Hotel/system/Model.php(237): CodeIgniter\Database\BaseBuilder->get()
#5 /Users/rahmansatya/Documents/Tubes-TST-Sistem-Hotel/system/BaseModel.php(624): CodeIgniter\Model->doFindAll(1000, 0)
#6 /Users/rahmansatya/Documents/Tubes-TST-Sistem-Hotel/app/Models/Foodmart.php(11): CodeIgniter\BaseModel->findAll(1000)
#7 /Users/rahmansatya/Documents/Tubes-TST-Sistem-Hotel/app/Controllers/FoodmartController.php(11): App\Models\Foodmart->getDataFoodmart()
#8 /Users/rahmansatya/Documents/Tubes-TST-Sistem-Hotel/system/CodeIgniter.php(942): App\Controllers\FoodmartController->index()
#9 /Users/rahmansatya/Documents/Tubes-TST-Sistem-Hotel/system/CodeIgniter.php(502): CodeIgniter\CodeIgniter->runController(Object(App\Controllers\FoodmartController))
#10 /Users/rahmansatya/Documents/Tubes-TST-Sistem-Hotel/system/CodeIgniter.php(361): CodeIgniter\CodeIgniter->handleRequest(NULL, Object(Config\Cache), false)
#11 /Users/rahmansatya/Documents/Tubes-TST-Sistem-Hotel/public/index.php(79): CodeIgniter\CodeIgniter->run()
#12 /Users/rahmansatya/Documents/Tubes-TST-Sistem-Hotel/system/Commands/Server/rewrite.php(47): require_once('/Users/rahmansa...')
#13 {main}

Next CodeIgniter\Database\Exceptions\DatabaseException: No such file or directory in /Users/rahmansatya/Documents/Tubes-TST-Sistem-Hotel/system/Database/MySQLi/Connection.php:229
Stack trace:
#0 /Users/rahmansatya/Documents/Tubes-TST-Sistem-Hotel/system/Database/BaseConnection.php(392): CodeIgniter\Database\MySQLi\Connection->connect(false)
#1 /Users/rahmansatya/Documents/Tubes-TST-Sistem-Hotel/system/Database/BaseConnection.php(575): CodeIgniter\Database\BaseConnection->initialize()
#2 /Users/rahmansatya/Documents/Tubes-TST-Sistem-Hotel/system/Database/BaseBuilder.php(1615): CodeIgniter\Database\BaseConnection->query('SELECT *\nFROM `...', Array, false)
#3 /Users/rahmansatya/Documents/Tubes-TST-Sistem-Hotel/system/Model.php(237): CodeIgniter\Database\BaseBuilder->get()
#4 /Users/rahmansatya/Documents/Tubes-TST-Sistem-Hotel/system/BaseModel.php(624): CodeIgniter\Model->doFindAll(1000, 0)
#5 /Users/rahmansatya/Documents/Tubes-TST-Sistem-Hotel/app/Models/Foodmart.php(11): CodeIgniter\BaseModel->findAll(1000)
#6 /Users/rahmansatya/Documents/Tubes-TST-Sistem-Hotel/app/Controllers/FoodmartController.php(11): App\Models\Foodmart->getDataFoodmart()
#7 /Users/rahmansatya/Documents/Tubes-TST-Sistem-Hotel/system/CodeIgniter.php(942): App\Controllers\FoodmartController->index()
#8 /Users/rahmansatya/Documents/Tubes-TST-Sistem-Hotel/system/CodeIgniter.php(502): CodeIgniter\CodeIgniter->runController(Object(App\Controllers\FoodmartController))
#9 /Users/rahmansatya/Documents/Tubes-TST-Sistem-Hotel/system/CodeIgniter.php(361): CodeIgniter\CodeIgniter->handleRequest(NULL, Object(Config\Cache), false)
#10 /Users/rahmansatya/Documents/Tubes-TST-Sistem-Hotel/public/index.php(79): CodeIgniter\CodeIgniter->run()
#11 /Users/rahmansatya/Documents/Tubes-TST-Sistem-Hotel/system/Commands/Server/rewrite.php(47): require_once('/Users/rahmansa...')
#12 {main}
CRITICAL - 2023-12-08 13:14:36 --> Unable to connect to the database.
Main connection [MySQLi]: No such file or directory
in SYSTEMPATH/Database/BaseConnection.php on line 428.
 1 SYSTEMPATH/Database/BaseConnection.php(575): CodeIgniter\Database\BaseConnection->initialize()
 2 SYSTEMPATH/Database/BaseBuilder.php(1615): CodeIgniter\Database\BaseConnection->query('SELECT *
FROM `sales_fact_1997`
 LIMIT 1000', [], false)
 3 SYSTEMPATH/Model.php(237): CodeIgniter\Database\BaseBuilder->get()
 4 SYSTEMPATH/BaseModel.php(624): CodeIgniter\Model->doFindAll(1000, 0)
 5 APPPATH/Models/Foodmart.php(11): CodeIgniter\BaseModel->findAll(1000)
 6 APPPATH/Controllers/FoodmartController.php(11): App\Models\Foodmart->getDataFoodmart()
 7 SYSTEMPATH/CodeIgniter.php(942): App\Controllers\FoodmartController->index()
 8 SYSTEMPATH/CodeIgniter.php(502): CodeIgniter\CodeIgniter->runController(Object(App\Controllers\FoodmartController))
 9 SYSTEMPATH/CodeIgniter.php(361): CodeIgniter\CodeIgniter->handleRequest(null, Object(Config\Cache), false)
10 FCPATH/index.php(79): CodeIgniter\CodeIgniter->run()
11 SYSTEMPATH/Commands/Server/rewrite.php(47): require_once('/Users/rahmansatya/Documents/Tubes-TST-Sistem-Hotel/public/index.php')
ERROR - 2023-12-08 13:14:44 --> Error connecting to the database: mysqli_sql_exception: No such file or directory in /Users/rahmansatya/Documents/Tubes-TST-Sistem-Hotel/system/Database/MySQLi/Connection.php:184
Stack trace:
#0 /Users/rahmansatya/Documents/Tubes-TST-Sistem-Hotel/system/Database/MySQLi/Connection.php(184): mysqli->real_connect('localhost', 'root', Object(SensitiveParameterValue), 'latihan', 3306, '', 0)
#1 /Users/rahmansatya/Documents/Tubes-TST-Sistem-Hotel/system/Database/BaseConnection.php(392): CodeIgniter\Database\MySQLi\Connection->connect(false)
#2 /Users/rahmansatya/Documents/Tubes-TST-Sistem-Hotel/system/Database/BaseConnection.php(575): CodeIgniter\Database\BaseConnection->initialize()
#3 /Users/rahmansatya/Documents/Tubes-TST-Sistem-Hotel/system/Database/BaseBuilder.php(1615): CodeIgniter\Database\BaseConnection->query('SELECT *\nFROM `...', Array, false)
#4 /Users/rahmansatya/Documents/Tubes-TST-Sistem-Hotel/system/Model.php(237): CodeIgniter\Database\BaseBuilder->get()
#5 /Users/rahmansatya/Documents/Tubes-TST-Sistem-Hotel/system/BaseModel.php(624): CodeIgniter\Model->doFindAll(1000, 0)
#6 /Users/rahmansatya/Documents/Tubes-TST-Sistem-Hotel/app/Models/Foodmart.php(11): CodeIgniter\BaseModel->findAll(1000)
#7 /Users/rahmansatya/Documents/Tubes-TST-Sistem-Hotel/app/Controllers/FoodmartController.php(11): App\Models\Foodmart->getDataFoodmart()
#8 /Users/rahmansatya/Documents/Tubes-TST-Sistem-Hotel/system/CodeIgniter.php(942): App\Controllers\FoodmartController->index()
#9 /Users/rahmansatya/Documents/Tubes-TST-Sistem-Hotel/system/CodeIgniter.php(502): CodeIgniter\CodeIgniter->runController(Object(App\Controllers\FoodmartController))
#10 /Users/rahmansatya/Documents/Tubes-TST-Sistem-Hotel/system/CodeIgniter.php(361): CodeIgniter\CodeIgniter->handleRequest(NULL, Object(Config\Cache), false)
#11 /Users/rahmansatya/Documents/Tubes-TST-Sistem-Hotel/public/index.php(79): CodeIgniter\CodeIgniter->run()
#12 /Users/rahmansatya/Documents/Tubes-TST-Sistem-Hotel/system/Commands/Server/rewrite.php(47): require_once('/Users/rahmansa...')
#13 {main}

Next CodeIgniter\Database\Exceptions\DatabaseException: No such file or directory in /Users/rahmansatya/Documents/Tubes-TST-Sistem-Hotel/system/Database/MySQLi/Connection.php:229
Stack trace:
#0 /Users/rahmansatya/Documents/Tubes-TST-Sistem-Hotel/system/Database/BaseConnection.php(392): CodeIgniter\Database\MySQLi\Connection->connect(false)
#1 /Users/rahmansatya/Documents/Tubes-TST-Sistem-Hotel/system/Database/BaseConnection.php(575): CodeIgniter\Database\BaseConnection->initialize()
#2 /Users/rahmansatya/Documents/Tubes-TST-Sistem-Hotel/system/Database/BaseBuilder.php(1615): CodeIgniter\Database\BaseConnection->query('SELECT *\nFROM `...', Array, false)
#3 /Users/rahmansatya/Documents/Tubes-TST-Sistem-Hotel/system/Model.php(237): CodeIgniter\Database\BaseBuilder->get()
#4 /Users/rahmansatya/Documents/Tubes-TST-Sistem-Hotel/system/BaseModel.php(624): CodeIgniter\Model->doFindAll(1000, 0)
#5 /Users/rahmansatya/Documents/Tubes-TST-Sistem-Hotel/app/Models/Foodmart.php(11): CodeIgniter\BaseModel->findAll(1000)
#6 /Users/rahmansatya/Documents/Tubes-TST-Sistem-Hotel/app/Controllers/FoodmartController.php(11): App\Models\Foodmart->getDataFoodmart()
#7 /Users/rahmansatya/Documents/Tubes-TST-Sistem-Hotel/system/CodeIgniter.php(942): App\Controllers\FoodmartController->index()
#8 /Users/rahmansatya/Documents/Tubes-TST-Sistem-Hotel/system/CodeIgniter.php(502): CodeIgniter\CodeIgniter->runController(Object(App\Controllers\FoodmartController))
#9 /Users/rahmansatya/Documents/Tubes-TST-Sistem-Hotel/system/CodeIgniter.php(361): CodeIgniter\CodeIgniter->handleRequest(NULL, Object(Config\Cache), false)
#10 /Users/rahmansatya/Documents/Tubes-TST-Sistem-Hotel/public/index.php(79): CodeIgniter\CodeIgniter->run()
#11 /Users/rahmansatya/Documents/Tubes-TST-Sistem-Hotel/system/Commands/Server/rewrite.php(47): require_once('/Users/rahmansa...')
#12 {main}
CRITICAL - 2023-12-08 13:14:44 --> Unable to connect to the database.
Main connection [MySQLi]: No such file or directory
in SYSTEMPATH/Database/BaseConnection.php on line 428.
 1 SYSTEMPATH/Database/BaseConnection.php(575): CodeIgniter\Database\BaseConnection->initialize()
 2 SYSTEMPATH/Database/BaseBuilder.php(1615): CodeIgniter\Database\BaseConnection->query('SELECT *
FROM `sales_fact_1997`
 LIMIT 1000', [], false)
 3 SYSTEMPATH/Model.php(237): CodeIgniter\Database\BaseBuilder->get()
 4 SYSTEMPATH/BaseModel.php(624): CodeIgniter\Model->doFindAll(1000, 0)
 5 APPPATH/Models/Foodmart.php(11): CodeIgniter\BaseModel->findAll(1000)
 6 APPPATH/Controllers/FoodmartController.php(11): App\Models\Foodmart->getDataFoodmart()
 7 SYSTEMPATH/CodeIgniter.php(942): App\Controllers\FoodmartController->index()
 8 SYSTEMPATH/CodeIgniter.php(502): CodeIgniter\CodeIgniter->runController(Object(App\Controllers\FoodmartController))
 9 SYSTEMPATH/CodeIgniter.php(361): CodeIgniter\CodeIgniter->handleRequest(null, Object(Config\Cache), false)
10 FCPATH/index.php(79): CodeIgniter\CodeIgniter->run()
11 SYSTEMPATH/Commands/Server/rewrite.php(47): require_once('/Users/rahmansatya/Documents/Tubes-TST-Sistem-Hotel/public/index.php')
CRITICAL - 2023-12-08 13:20:03 --> Invalid file: "menu.php"
in SYSTEMPATH/Exceptions/FrameworkException.php on line 39.
 1 SYSTEMPATH/View/View.php(216): CodeIgniter\Exceptions\FrameworkException::forInvalidFile('menu.php')
 2 SYSTEMPATH/Common.php(1190): CodeIgniter\View\View->render('menu', [], true)
 3 APPPATH/Controllers/FoodmartController.php(12): view('menu')
 4 SYSTEMPATH/CodeIgniter.php(942): App\Controllers\FoodmartController->index()
 5 SYSTEMPATH/CodeIgniter.php(502): CodeIgniter\CodeIgniter->runController(Object(App\Controllers\FoodmartController))
 6 SYSTEMPATH/CodeIgniter.php(361): CodeIgniter\CodeIgniter->handleRequest(null, Object(Config\Cache), false)
 7 FCPATH/index.php(79): CodeIgniter\CodeIgniter->run()
 8 SYSTEMPATH/Commands/Server/rewrite.php(47): require_once('/Users/rahmansatya/Documents/Tubes-TST-Sistem-Hotel/public/index.php')
ERROR - 2023-12-08 13:20:30 --> mysqli_sql_exception: Table 'latihan.users' doesn't exist in /Users/rahmansatya/Documents/Tubes-TST-Sistem-Hotel/system/Database/MySQLi/Connection.php:306
Stack trace:
#0 /Users/rahmansatya/Documents/Tubes-TST-Sistem-Hotel/system/Database/MySQLi/Connection.php(306): mysqli->query('SELECT name FRO...', 0)
#1 /Users/rahmansatya/Documents/Tubes-TST-Sistem-Hotel/system/Database/BaseConnection.php(693): CodeIgniter\Database\MySQLi\Connection->execute('SELECT name FRO...')
#2 /Users/rahmansatya/Documents/Tubes-TST-Sistem-Hotel/system/Database/BaseConnection.php(607): CodeIgniter\Database\BaseConnection->simpleQuery('SELECT name FRO...')
#3 /Users/rahmansatya/Documents/Tubes-TST-Sistem-Hotel/app/Models/Login.php(14): CodeIgniter\Database\BaseConnection->query('SELECT name FRO...')
#4 /Users/rahmansatya/Documents/Tubes-TST-Sistem-Hotel/app/Controllers/LoginController.php(17): App\Models\Login->getDataUsers('kadek@gmail.com', 'fda0b35dece57df...')
#5 /Users/rahmansatya/Documents/Tubes-TST-Sistem-Hotel/system/CodeIgniter.php(942): App\Controllers\LoginController->login_action()
#6 /Users/rahmansatya/Documents/Tubes-TST-Sistem-Hotel/system/CodeIgniter.php(502): CodeIgniter\CodeIgniter->runController(Object(App\Controllers\LoginController))
#7 /Users/rahmansatya/Documents/Tubes-TST-Sistem-Hotel/system/CodeIgniter.php(361): CodeIgniter\CodeIgniter->handleRequest(NULL, Object(Config\Cache), false)
#8 /Users/rahmansatya/Documents/Tubes-TST-Sistem-Hotel/public/index.php(79): CodeIgniter\CodeIgniter->run()
#9 /Users/rahmansatya/Documents/Tubes-TST-Sistem-Hotel/system/Commands/Server/rewrite.php(47): require_once('/Users/rahmansa...')
#10 {main}
CRITICAL - 2023-12-08 13:20:30 --> Table 'latihan.users' doesn't exist
in SYSTEMPATH/Database/BaseConnection.php on line 647.
 1 APPPATH/Models/Login.php(14): CodeIgniter\Database\BaseConnection->query('SELECT name FROM users WHERE 
                        email = "kadek@gmail.com" 
                        AND password = "fda0b35dece57df9f7ea6947bc002b31"')
 2 APPPATH/Controllers/LoginController.php(17): App\Models\Login->getDataUsers('kadek@gmail.com', 'fda0b35dece57df9f7ea6947bc002b31')
 3 SYSTEMPATH/CodeIgniter.php(942): App\Controllers\LoginController->login_action()
 4 SYSTEMPATH/CodeIgniter.php(502): CodeIgniter\CodeIgniter->runController(Object(App\Controllers\LoginController))
 5 SYSTEMPATH/CodeIgniter.php(361): CodeIgniter\CodeIgniter->handleRequest(null, Object(Config\Cache), false)
 6 FCPATH/index.php(79): CodeIgniter\CodeIgniter->run()
 7 SYSTEMPATH/Commands/Server/rewrite.php(47): require_once('/Users/rahmansatya/Documents/Tubes-TST-Sistem-Hotel/public/index.php')
INFO - 2023-12-08 13:36:39 --> Session: Class initialized using 'CodeIgniter\Session\Handlers\FileHandler' driver.
INFO - 2023-12-08 13:36:46 --> Session: Class initialized using 'CodeIgniter\Session\Handlers\FileHandler' driver.
INFO - 2023-12-08 13:36:46 --> Session: Class initialized using 'CodeIgniter\Session\Handlers\FileHandler' driver.
INFO - 2023-12-08 13:36:53 --> Session: Class initialized using 'CodeIgniter\Session\Handlers\FileHandler' driver.
INFO - 2023-12-08 13:36:58 --> Session: Class initialized using 'CodeIgniter\Session\Handlers\FileHandler' driver.
INFO - 2023-12-08 13:37:03 --> Session: Class initialized using 'CodeIgniter\Session\Handlers\FileHandler' driver.
INFO - 2023-12-08 13:37:08 --> Session: Class initialized using 'CodeIgniter\Session\Handlers\FileHandler' driver.
