CRITICAL - 2023-12-07 06:19:49 --> Undefined variable $hotels
in APPPATH/Views/dashboard.php on line 38.
 1 APPPATH/Views/dashboard.php(38): CodeIgniter\Debug\Exceptions->errorHandler(2, 'Undefined variable $hotels', '/Users/rahmansatya/Documents/Tubes-TST-Sistem-Hotel/app/Views/dashboard.php', 38)
 2 SYSTEMPATH/View/View.php(228): include('/Users/rahmansatya/Documents/Tubes-TST-Sistem-Hotel/app/Views/dashboard.php')
 3 SYSTEMPATH/View/View.php(231): CodeIgniter\View\View->CodeIgniter\View\{closure}()
 4 SYSTEMPATH/Common.php(1190): CodeIgniter\View\View->render('dashboard', [], true)
 5 APPPATH/Controllers/Home.php(9): view('dashboard')
 6 SYSTEMPATH/CodeIgniter.php(942): App\Controllers\Home->index()
 7 SYSTEMPATH/CodeIgniter.php(502): CodeIgniter\CodeIgniter->runController(Object(App\Controllers\Home))
 8 SYSTEMPATH/CodeIgniter.php(361): CodeIgniter\CodeIgniter->handleRequest(null, Object(Config\Cache), false)
 9 FCPATH/index.php(79): CodeIgniter\CodeIgniter->run()
10 SYSTEMPATH/Commands/Server/rewrite.php(47): require_once('/Users/rahmansatya/Documents/Tubes-TST-Sistem-Hotel/public/index.php')
CRITICAL - 2023-12-07 06:19:52 --> Undefined variable $hotels
in APPPATH/Views/dashboard.php on line 38.
 1 APPPATH/Views/dashboard.php(38): CodeIgniter\Debug\Exceptions->errorHandler(2, 'Undefined variable $hotels', '/Users/rahmansatya/Documents/Tubes-TST-Sistem-Hotel/app/Views/dashboard.php', 38)
 2 SYSTEMPATH/View/View.php(228): include('/Users/rahmansatya/Documents/Tubes-TST-Sistem-Hotel/app/Views/dashboard.php')
 3 SYSTEMPATH/View/View.php(231): CodeIgniter\View\View->CodeIgniter\View\{closure}()
 4 SYSTEMPATH/Common.php(1190): CodeIgniter\View\View->render('dashboard', [], true)
 5 APPPATH/Controllers/Home.php(9): view('dashboard')
 6 SYSTEMPATH/CodeIgniter.php(942): App\Controllers\Home->index()
 7 SYSTEMPATH/CodeIgniter.php(502): CodeIgniter\CodeIgniter->runController(Object(App\Controllers\Home))
 8 SYSTEMPATH/CodeIgniter.php(361): CodeIgniter\CodeIgniter->handleRequest(null, Object(Config\Cache), false)
 9 FCPATH/index.php(79): CodeIgniter\CodeIgniter->run()
10 SYSTEMPATH/Commands/Server/rewrite.php(47): require_once('/Users/rahmansatya/Documents/Tubes-TST-Sistem-Hotel/public/index.php')
CRITICAL - 2023-12-07 06:21:30 --> Undefined variable $hotels
in APPPATH/Views/dashboard.php on line 38.
 1 APPPATH/Views/dashboard.php(38): CodeIgniter\Debug\Exceptions->errorHandler(2, 'Undefined variable $hotels', '/Users/rahmansatya/Documents/Tubes-TST-Sistem-Hotel/app/Views/dashboard.php', 38)
 2 SYSTEMPATH/View/View.php(228): include('/Users/rahmansatya/Documents/Tubes-TST-Sistem-Hotel/app/Views/dashboard.php')
 3 SYSTEMPATH/View/View.php(231): CodeIgniter\View\View->CodeIgniter\View\{closure}()
 4 SYSTEMPATH/Common.php(1190): CodeIgniter\View\View->render('dashboard', [], true)
 5 APPPATH/Controllers/Home.php(9): view('dashboard')
 6 SYSTEMPATH/CodeIgniter.php(942): App\Controllers\Home->index()
 7 SYSTEMPATH/CodeIgniter.php(502): CodeIgniter\CodeIgniter->runController(Object(App\Controllers\Home))
 8 SYSTEMPATH/CodeIgniter.php(361): CodeIgniter\CodeIgniter->handleRequest(null, Object(Config\Cache), false)
 9 FCPATH/index.php(79): CodeIgniter\CodeIgniter->run()
10 SYSTEMPATH/Commands/Server/rewrite.php(47): require_once('/Users/rahmansatya/Documents/Tubes-TST-Sistem-Hotel/public/index.php')
CRITICAL - 2023-12-07 06:21:44 --> Undefined variable $hotels
in APPPATH/Views/dashboard.php on line 34.
 1 APPPATH/Views/dashboard.php(34): CodeIgniter\Debug\Exceptions->errorHandler(2, 'Undefined variable $hotels', '/Users/rahmansatya/Documents/Tubes-TST-Sistem-Hotel/app/Views/dashboard.php', 34)
 2 SYSTEMPATH/View/View.php(228): include('/Users/rahmansatya/Documents/Tubes-TST-Sistem-Hotel/app/Views/dashboard.php')
 3 SYSTEMPATH/View/View.php(231): CodeIgniter\View\View->CodeIgniter\View\{closure}()
 4 SYSTEMPATH/Common.php(1190): CodeIgniter\View\View->render('dashboard', [], true)
 5 APPPATH/Controllers/Home.php(9): view('dashboard')
 6 SYSTEMPATH/CodeIgniter.php(942): App\Controllers\Home->index()
 7 SYSTEMPATH/CodeIgniter.php(502): CodeIgniter\CodeIgniter->runController(Object(App\Controllers\Home))
 8 SYSTEMPATH/CodeIgniter.php(361): CodeIgniter\CodeIgniter->handleRequest(null, Object(Config\Cache), false)
 9 FCPATH/index.php(79): CodeIgniter\CodeIgniter->run()
10 SYSTEMPATH/Commands/Server/rewrite.php(47): require_once('/Users/rahmansatya/Documents/Tubes-TST-Sistem-Hotel/public/index.php')
